Arguments: 
  /usr/local/Cellar/node/17.3.1/bin/node /usr/local/bin/yarn

PATH: 
  /usr/local/bin:/usr/bin:/bin:/usr/sbin:/sbin:/Users/vitalys/Developer/solana/bin:/Users/vitalys/.cargo/bin

Yarn version: 
  1.22.17

Node version: 
  17.3.1

Platform: 
  darwin x64

Trace: 
  SyntaxError: /Users/vitalys/Developer/rfq/package.json: Unexpected token < in JSON at position 68
      at JSON.parse (<anonymous>)
      at /usr/local/lib/node_modules/yarn/lib/cli.js:1625:59
      at Generator.next (<anonymous>)
      at step (/usr/local/lib/node_modules/yarn/lib/cli.js:310:30)
      at /usr/local/lib/node_modules/yarn/lib/cli.js:321:13

npm manifest: 
  {
      "dependencies": {
          "@project-serum/anchor": "^0.20.1",
  <<<<<<< HEAD
          "@solana/spl-token": "^0.2.0"
      },
      "devDependencies": {
          "@types/mocha": "^9.0.0",
          "chai": "^4.3.4",
          "mocha": "^9.0.3",
  =======
          "@saberhq/solana-contrib": "^1.12.47",
          "@solana/spl-token": "^0.1.8",
          "@solana/spl-token-registry": "^0.2.1406",
          "dotenv": "^14.3.2",
          "ts-node": "^10.4.0"
      },
      "devDependencies": {
          "@types/mocha": "^9.0.0",
          "chai": "^4.3.6",
          "mocha": "^9.2.1",
  >>>>>>> main
          "ts-mocha": "^8.0.0",
          "typescript": "^4.3.5"
      }
  }

yarn manifest: 
  No manifest

Lockfile: 
  No lockfile
